Sat Oct 28 14:56:02 UTC 2023
Sat Oct 28 15:22:04 UTC 2023
Sun Oct 29 08:33:59 UTC 2023
Sun Oct 29 17:51:10 UTC 2023
Sun Oct 29 17:52:03 UTC 2023
Sun Oct 29 17:53:03 UTC 2023
Sun Oct 29 17:54:03 UTC 2023
Sun Oct 29 17:57:11 UTC 2023
Sun Oct 29 17:58:02 UTC 2023
Sun Oct 29 18:01:08 UTC 2023
Sun Oct 29 20:00:13 UTC 2023
Mon Oct 30 20:00:05 UTC 2023
Tue Oct 31 20:00:05 UTC 2023
Wed Nov  1 20:00:07 UTC 2023
Thu Nov  2 20:00:05 UTC 2023
Fri Nov  3 20:00:04 UTC 2023
Sat Nov  4 20:00:06 UTC 2023
Sun Nov  5 20:00:05 UTC 2023
Mon Nov  6 20:00:06 UTC 2023
Tue Nov  7 20:00:06 UTC 2023
Wed Nov  8 20:00:06 UTC 2023
